<?xml version="1.0" encoding="UTF-8"?>
<testsuite name="EventTest" tests="8" skipped="0" failures="0" errors="0" timestamp="2016-09-12T21:09:54" hostname="Thomass-MacBook-Pro.local" time="0.005">
  <properties/>
  <testcase name="getEntertainment_getCorrectEntertainment_string" classname="EventTest" time="0.002"/>
  <testcase name="calcPrice_returnPrice_int" classname="EventTest" time="0.0"/>
  <testcase name="getFood_getCorrectFood_string" classname="EventTest" time="0.0"/>
  <testcase name="getBeverages_getCorrectBeverages_string" classname="EventTest" time="0.0"/>
  <testcase name="getGuests_getCorrectNumberOfGuests_int" classname="EventTest" time="0.0"/>
  <testcase name="calcPrice_calcTotalPrice_int" classname="EventTest" time="0.0"/>
  <testcase name="newEvent_instantiatesCorrectly" classname="EventTest" time="0.0"/>
  <testcase name="calcPrice_oneArgumentToCalcPrice_int" classname="EventTest" time="0.0"/>
  <system-out><![CDATA[]]></system-out>
  <system-err><![CDATA[]]></system-err>
</testsuite>
