<?xml version="1.0" encoding="UTF-8"?>
<testsuite name="EventTest" tests="1" skipped="0" failures="0" errors="0" timestamp="2016-09-10T18:54:47" hostname="Thomass-MacBook-Pro.local" time="0.003">
  <properties/>
  <testcase name="calcPrice_return_int" classname="EventTest" time="0.003"/>
  <system-out><![CDATA[]]></system-out>
  <system-err><![CDATA[]]></system-err>
</testsuite>
